<?xml version="1.0" encoding="UTF-8"?>
<!-- Generated by org.testng.reporters.JUnitReportReporter -->
<testsuite skipped="0" hostname="u-PC" name="TestMain" tests="1" failures="0" timestamp="07 三月 2018 06:50:29 GMT" time="0.006" errors="0">
  <testcase name="TestNgLearn" time="0.006" classname="TestMain"/>
</testsuite> <!-- TestMain -->
