<?xml version="1.0" encoding="UTF-8"?>
<!-- Generated by org.testng.reporters.JUnitReportReporter -->
<testsuite skipped="0" hostname="u-PC" name="com.yxkj.yqcp.test.TestMain" tests="1" failures="0" timestamp="07 三月 2018 06:56:23 GMT" time="0.005" errors="0">
  <testcase name="TestNgLearn" time="0.005" classname="com.yxkj.yqcp.test.TestMain"/>
</testsuite> <!-- com.yxkj.yqcp.test.TestMain -->
